Build started 30/11/2013 4:43:55 PM.
     1>Project "C:\Users\Len\Desktop\Seneca\CPA\SEMESTER 3\OOP344 - Object Oriented Programming II Using C++\Assignments\TheApplication\TheApplication\TheApplication\TheApplication.vcxproj" on node 2 (Build target(s)).
     1>ClCompile:
         C:\Program Files (x86)\Microsoft Visual Studio 11.0\VC\bin\CL.exe /c /ZI /nologo /W3 /WX- /sdl /Od /Oy- /D WIN32 /D _DEBUG /D _CONSOLE /D _UNICODE /D UNICODE /Gm /EHsc /RTC1 /MDd /GS /fp:precise /Zc:wchar_t /Zc:forScope /Fo"Debug\\" /Fd"Debug\vc110.pdb" /Gd /TP /analyze- /errorReport:prompt ..\..\..\Release04\Release04\Release04\Test3DialogAndLineEdit.cpp bconsole.cpp cbutton.cpp cchecklist.cpp ccheckmark.cpp cfield.cpp cframe.cpp cmenu.cpp ctext.cpp cvaledit.cpp
         cvaledit.cpp
         ctext.cpp
         cmenu.cpp
         cframe.cpp
         cfield.cpp
         ccheckmark.cpp
         cchecklist.cpp
         cbutton.cpp
         bconsole.cpp
         Test3DialogAndLineEdit.cpp
         Generating Code...
       Link:
         C:\Program Files (x86)\Microsoft Visual Studio 11.0\VC\bin\link.exe /ERRORREPORT:PROMPT /OUT:"C:\Users\Len\Desktop\Seneca\CPA\SEMESTER 3\OOP344 - Object Oriented Programming II Using C++\Assignments\TheApplication\TheApplication\Debug\TheApplication.exe" /INCREMENTAL /NOLOGO kernel32.lib user32.lib gdi32.lib winspool.lib comdlg32.lib advapi32.lib shell32.lib ole32.lib oleaut32.lib uuid.lib odbc32.lib odbccp32.lib /MANIFEST /MANIFESTUAC:"level='asInvoker' uiAccess='false'" /manifest:embed /DEBUG /PDB:"C:\Users\Len\Desktop\Seneca\CPA\SEMESTER 3\OOP344 - Object Oriented Programming II Using C++\Assignments\TheApplication\TheApplication\Debug\TheApplication.pdb" /SUBSYSTEM:CONSOLE /TLBID:1 /DYNAMICBASE /NXCOMPAT /IMPLIB:"C:\Users\Len\Desktop\Seneca\CPA\SEMESTER 3\OOP344 - Object Oriented Programming II Using C++\Assignments\TheApplication\TheApplication\Debug\TheApplication.lib" /MACHINE:X86 Debug\Test3DialogAndLineEdit.obj
         Debug\bconsole.obj
         Debug\cbutton.obj
         Debug\cchecklist.obj
         Debug\ccheckmark.obj
         Debug\cfield.obj
         Debug\cframe.obj
         Debug\cmenu.obj
         Debug\ctext.obj
         Debug\cvaledit.obj
         cdialog.obj
         clabel.obj
         clineedit.obj
         cmenuitem.obj
         console.obj
         cveditline.obj
     1>cveditline.obj : error LNK2005: "public: __thiscall cio::CValEdit::CValEdit(int,int,int,int,bool *,bool (__cdecl*)(char const *,class cio::CDialog &),void (__cdecl*)(enum cio::MessageStatus,class cio::CDialog &),bool,char const *)" (??0CValEdit@cio@@QAE@HHHHPA_NP6A_NPBDAAVCDialog@1@@ZP6AXW4MessageStatus@1@2@Z_N1@Z) already defined in cvaledit.obj
     1>cveditline.obj : error LNK2005: "public: __thiscall cio::CValEdit::CValEdit(char *,int,int,int,int,bool *,bool (__cdecl*)(char const *,class cio::CDialog &),void (__cdecl*)(enum cio::MessageStatus,class cio::CDialog &),bool,char const *)" (??0CValEdit@cio@@QAE@PADHHHHPA_NP6A_NPBDAAVCDialog@1@@ZP6AXW4MessageStatus@1@3@Z_N2@Z) already defined in cvaledit.obj
     1>cveditline.obj : error LNK2005: "public: virtual int __thiscall cio::CValEdit::edit(void)" (?edit@CValEdit@cio@@UAEHXZ) already defined in cvaledit.obj
     1>C:\Users\Len\Desktop\Seneca\CPA\SEMESTER 3\OOP344 - Object Oriented Programming II Using C++\Assignments\TheApplication\TheApplication\Debug\TheApplication.exe : fatal error LNK1169: one or more multiply defined symbols found
     1>Done Building Project "C:\Users\Len\Desktop\Seneca\CPA\SEMESTER 3\OOP344 - Object Oriented Programming II Using C++\Assignments\TheApplication\TheApplication\TheApplication\TheApplication.vcxproj" (Build target(s)) -- FAILED.

Build FAILED.

Time Elapsed 00:00:03.04
